2018-09-04 14:55:44,302 [Worker-1] INFO  c.g.t.t.d.PublishedGradleVersions - Gradle version information cache is up-to-date. Trying to read.
2018-09-04 14:58:58,980 [Worker-11] INFO  o.e.m.c.i.l.LifecycleMappingFactory - Using org.eclipse.m2e.jdt.JarLifecycleMapping lifecycle mapping for MavenProject: 1234:5678:0.0.1-SNAPSHOT @ /Users/test/eclipse-workspace/vinod/src/5678/pom.xml.
2018-09-04 14:59:13,049 [Worker-11] INFO  o.e.m.j.i.AbstractJavaProjectConfigurator - Adding source folder /5678/src/main/java
2018-09-04 14:59:13,130 [Worker-11] INFO  o.e.m.j.i.AbstractJavaProjectConfigurator - Adding source folder /5678/src/test/java
2018-09-04 14:59:13,472 [Worker-11] INFO  o.e.m.c.i.p.ProjectConfigurationManager - Imported and configured 1 project(s) in 37 sec
2018-09-04 14:59:24,084 [Worker-6] INFO  o.e.m.c.i.embedder.EclipseLogger - Using 'UTF-8' encoding to copy filtered resources.
2018-09-04 14:59:24,118 [Worker-6] INFO  o.e.m.c.i.embedder.EclipseLogger - skip non existing resourceDirectory /Users/test/eclipse-workspace/vinod/src/5678/src/main/resources
2018-09-04 14:59:24,120 [Worker-6] INFO  o.e.m.c.i.embedder.EclipseLogger - Using 'UTF-8' encoding to copy filtered resources.
2018-09-04 14:59:24,120 [Worker-6] INFO  o.e.m.c.i.embedder.EclipseLogger - skip non existing resourceDirectory /Users/test/eclipse-workspace/vinod/src/5678/src/test/resources
2018-09-04 15:00:36,694 [Worker-14] INFO  o.e.m.c.i.embedder.EclipseLogger - Using 'UTF-8' encoding to copy filtered resources.
2018-09-04 15:00:36,711 [Worker-14] INFO  o.e.m.c.i.embedder.EclipseLogger - skip non existing resourceDirectory /Users/test/eclipse-workspace/vinod/src/5678/src/main/resources
2018-09-04 15:00:36,716 [Worker-14] INFO  o.e.m.c.i.embedder.EclipseLogger - Using 'UTF-8' encoding to copy filtered resources.
2018-09-04 15:00:36,717 [Worker-14] INFO  o.e.m.c.i.embedder.EclipseLogger - skip non existing resourceDirectory /Users/test/eclipse-workspace/vinod/src/5678/src/test/resources
2018-09-04 15:00:51,044 [Worker-16] INFO  o.e.m.c.i.p.ProjectConfigurationManager - Update started
2018-09-04 15:00:52,969 [Worker-16] INFO  o.e.m.c.i.l.LifecycleMappingFactory - Using org.eclipse.m2e.jdt.JarLifecycleMapping lifecycle mapping for MavenProject: 1234:5678:0.0.1-SNAPSHOT @ /Users/test/eclipse-workspace/vinod/src/5678/pom.xml.
2018-09-04 15:00:55,256 [Worker-16] INFO  o.e.m.j.i.AbstractJavaProjectConfigurator - Adding source folder /5678/src/main/java
2018-09-04 15:00:55,257 [Worker-16] INFO  o.e.m.j.i.AbstractJavaProjectConfigurator - Adding source folder /5678/src/test/java
2018-09-04 15:00:55,548 [Worker-16] INFO  o.e.m.c.i.p.ProjectConfigurationManager - Update completed: 4 sec
2018-09-04 15:00:55,878 [Worker-18] INFO  o.e.m.c.i.embedder.EclipseLogger - Using 'UTF-8' encoding to copy filtered resources.
2018-09-04 15:00:55,878 [Worker-18] INFO  o.e.m.c.i.embedder.EclipseLogger - skip non existing resourceDirectory /Users/test/eclipse-workspace/vinod/src/5678/src/main/resources
2018-09-04 15:00:55,880 [Worker-18] INFO  o.e.m.c.i.embedder.EclipseLogger - Using 'UTF-8' encoding to copy filtered resources.
2018-09-04 15:00:55,881 [Worker-18] INFO  o.e.m.c.i.embedder.EclipseLogger - skip non existing resourceDirectory /Users/test/eclipse-workspace/vinod/src/5678/src/test/resources
2018-09-04 15:04:39,865 [Worker-6] INFO  o.e.m.c.i.p.ProjectConfigurationManager - Update started
2018-09-04 15:04:41,781 [Worker-6] INFO  o.e.m.c.i.l.LifecycleMappingFactory - Using org.eclipse.m2e.jdt.JarLifecycleMapping lifecycle mapping for MavenProject: 1234:5678:0.0.1-SNAPSHOT @ /Users/test/eclipse-workspace/vinod/src/5678/pom.xml.
2018-09-04 15:04:45,999 [Worker-6] INFO  o.e.m.c.i.e.AbstractTransferListenerAdapter - Downloading https://repo.maven.apache.org/maven2/org/apache/xmlbeans/xmlbeans/2.6.0/xmlbeans-2.6.0.jar
2018-09-04 15:04:48,498 [Worker-6] INFO  o.e.m.c.i.e.AbstractTransferListenerAdapter - Downloaded https://repo.maven.apache.org/maven2/org/apache/xmlbeans/xmlbeans/2.6.0/xmlbeans-2.6.0.jar
2018-09-04 15:04:50,014 [Worker-6] INFO  o.e.m.j.i.AbstractJavaProjectConfigurator - Adding source folder /5678/src/main/java
2018-09-04 15:04:50,015 [Worker-6] INFO  o.e.m.j.i.AbstractJavaProjectConfigurator - Adding source folder /5678/src/test/java
2018-09-04 15:04:50,116 [Worker-6] INFO  o.e.m.c.i.p.ProjectConfigurationManager - Update completed: 10 sec
2018-09-04 15:04:52,157 [Worker-18] INFO  o.e.m.c.i.embedder.EclipseLogger - Using 'UTF-8' encoding to copy filtered resources.
2018-09-04 15:04:52,158 [Worker-18] INFO  o.e.m.c.i.embedder.EclipseLogger - skip non existing resourceDirectory /Users/test/eclipse-workspace/vinod/src/5678/src/main/resources
2018-09-04 15:04:52,160 [Worker-18] INFO  o.e.m.c.i.embedder.EclipseLogger - Using 'UTF-8' encoding to copy filtered resources.
2018-09-04 15:04:52,160 [Worker-18] INFO  o.e.m.c.i.embedder.EclipseLogger - skip non existing resourceDirectory /Users/test/eclipse-workspace/vinod/src/5678/src/test/resources
